Build started 4/2/2014 6:22:32 PM.
     1>Project "C:\Users\junha_000\Documents\Visual Studio 2013\Projects\lab9\ADTs.vcxproj" on node 2 (Build target(s)).
     1>ClCompile:
         C:\Program Files (x86)\Microsoft Visual Studio 12.0\VC\bin\CL.exe /c /ZI /nologo /W3 /WX- /Od /Oy- /D WIN32 /D _DEBUG /D _CONSOLE /D _LIB /D _UNICODE /D UNICODE /Gm /EHsc /RTC1 /MDd /GS /fp:precise /Zc:wchar_t /Zc:forScope /Fo"Debug\\" /Fd"Debug\vc120.pdb" /Gd /TP /analyze- /errorReport:prompt main.cpp
         main.cpp
     1>c:\users\junha_000\documents\visual studio 2013\projects\lab9\randomnumbergenerator.h(14): warning C4244: 'argument' : conversion from 'time_t' to 'unsigned int', possible loss of data
     1>c:\users\junha_000\documents\visual studio 2013\projects\lab9\doublelinkedlist.h(85): error C2440: 'initializing' : cannot convert from 'initializer-list' to 'DoubleLinkNode<T>'
                 with
                 [
                     T=int
                 ]
                 No constructor could take the source type, or constructor overload resolution was ambiguous
                 c:\users\junha_000\documents\visual studio 2013\projects\lab9\doublelinkedlist.h(78) : while compiling class template member function 'void DoubleLinkedList<int>::addElement(T)'
                 with
                 [
                     T=int
                 ]
                 c:\users\junha_000\documents\visual studio 2013\projects\lab9\main.cpp(70) : see reference to class template instantiation 'DoubleLinkedList<int>' being compiled
     1>c:\users\junha_000\documents\visual studio 2013\projects\lab9\doublelinkedlist.h(90): error C2664: 'void ListNode<T>::setValue(const T &)' : cannot convert argument 1 from 'ListNode<T> *' to 'const int &'
                 with
                 [
                     T=int
                 ]
                 Reason: cannot convert from 'ListNode<T> *' to 'const int'
                 with
                 [
                     T=int
                 ]
                 There is no context in which this conversion is possible
     1>Done Building Project "C:\Users\junha_000\Documents\Visual Studio 2013\Projects\lab9\ADTs.vcxproj" (Build target(s)) -- FAILED.

Build FAILED.

Time Elapsed 00:00:00.54
